<?xml version="1.0" encoding="UTF-8"?>
<!-- Generated by org.testng.reporters.JUnitReportReporter -->
<testsuite hostname="Geetikas-MacBook-Air.local" name="com.Quiz.Maven.QuizAutomationIncorrectScenario" tests="1" failures="0" timestamp="18 Mar 2020 12:18:09 GMT" time="12.249" errors="0">
  <testcase name="test" time="12.249" classname="com.Quiz.Maven.QuizAutomationIncorrectScenario"/>
</testsuite> <!-- com.Quiz.Maven.QuizAutomationIncorrectScenario -->
