<?xml version="1.0" encoding="UTF-8"?>
<!-- Generated by org.testng.reporters.JUnitReportReporter -->
<testsuite hostname="Geetikas-MacBook-Air.local" name="com.Quiz.Maven.QuizAutomation" tests="1" failures="0" timestamp="18 Mar 2020 11:57:31 GMT" time="10.883" errors="0">
  <testcase name="test" time="10.883" classname="com.Quiz.Maven.QuizAutomation"/>
</testsuite> <!-- com.Quiz.Maven.QuizAutomation -->
