<?xml version="1.0" encoding="UTF-8"?>
<!-- Generated by org.testng.reporters.JUnitReportReporter -->
<testsuite hostname="Geetikas-MacBook-Air.local" name="com.Quiz.Maven.QuizAutomationBothcorrectandIncorrectscenario" tests="1" failures="0" timestamp="18 Mar 2020 12:20:39 GMT" time="12.120" errors="0">
  <testcase name="test" time="12.120" classname="com.Quiz.Maven.QuizAutomationBothcorrectandIncorrectscenario"/>
</testsuite> <!-- com.Quiz.Maven.QuizAutomationBothcorrectandIncorrectscenario -->
